[debug] [2023-01-23T20:31:45.430Z] ----------------------------------------------------------------------
[debug] [2023-01-23T20:31:45.432Z] Command:       C:\Program Files\nodejs\node.exe C:\Users\utilisateur\AppData\Roaming\npm\node_modules\firebase-tools\lib\bin\firebase.js init
[debug] [2023-01-23T20:31:45.433Z] CLI Version:   11.16.1
[debug] [2023-01-23T20:31:45.433Z] Platform:      win32
[debug] [2023-01-23T20:31:45.433Z] Node Version:  v18.12.1
[debug] [2023-01-23T20:31:45.434Z] Time:          Mon Jan 23 2023 15:31:45 GMT-0500 (heure normale de l’Est)
[debug] [2023-01-23T20:31:45.434Z] ----------------------------------------------------------------------
[debug] 
[debug] [2023-01-23T20:31:45.444Z] > command requires scopes: ["email","openid","https://www.googleapis.com/auth/cloudplatformprojects.readonly","https://www.googleapis.com/auth/firebase","https://www.googleapis.com/auth/cloud-platform"]
[debug] [2023-01-23T20:31:45.444Z] > authorizing via signed-in user (jacobgodbout4@hotmail.com)
[info] 
     ######## #### ########  ######## ########     ###     ######  ########
     ##        ##  ##     ## ##       ##     ##  ##   ##  ##       ##
     ######    ##  ########  ######   ########  #########  ######  ######
     ##        ##  ##    ##  ##       ##     ## ##     ##       ## ##
     ##       #### ##     ## ######## ########  ##     ##  ######  ########

You're about to initialize a Firebase project in this directory:

  D:\Portfolio\OniOrigin\oniorigin

[info] 
=== Project Setup
[info] 
[info] First, let's associate this project directory with a Firebase project.
[info] You can create multiple project aliases by running firebase use --add, 
[info] but for now we'll just set up a default project.
[info] 
[debug] [2023-01-23T20:32:06.712Z] > refreshing access token with scopes: []
[debug] [2023-01-23T20:32:06.714Z] >>> [apiv2][query] POST https://www.googleapis.com/oauth2/v3/token [none]
[debug] [2023-01-23T20:32:06.714Z] >>> [apiv2][body] POST https://www.googleapis.com/oauth2/v3/token [omitted]
[debug] [2023-01-23T20:32:06.918Z] <<< [apiv2][status] POST https://www.googleapis.com/oauth2/v3/token 200
[debug] [2023-01-23T20:32:06.919Z] <<< [apiv2][body] POST https://www.googleapis.com/oauth2/v3/token [omitted]
[debug] [2023-01-23T20:32:06.931Z] >>> [apiv2][query] GET https://firebase.googleapis.com/v1beta1/projects pageSize=100
[debug] [2023-01-23T20:32:07.331Z] <<< [apiv2][status] GET https://firebase.googleapis.com/v1beta1/projects 200
[debug] [2023-01-23T20:32:07.331Z] <<< [apiv2][body] GET https://firebase.googleapis.com/v1beta1/projects [omitted]
[info] i  Using project oniorigin (OniOrigin) 
[info] 
=== Hosting Setup
[info] 
[info] Your public directory is the folder (relative to your project directory) that
[info] will contain Hosting assets to be uploaded with firebase deploy. If you
[info] have a build process for your assets, use your build's output directory.
[info] 
[debug] [2023-01-23T20:32:44.797Z] ----------------------------------------------------------------------
[debug] [2023-01-23T20:32:44.799Z] Command:       C:\Program Files\nodejs\node.exe C:\Users\utilisateur\AppData\Roaming\npm\node_modules\firebase-tools\lib\bin\firebase.js init
[debug] [2023-01-23T20:32:44.800Z] CLI Version:   11.16.1
[debug] [2023-01-23T20:32:44.800Z] Platform:      win32
[debug] [2023-01-23T20:32:44.800Z] Node Version:  v18.12.1
[debug] [2023-01-23T20:32:44.802Z] Time:          Mon Jan 23 2023 15:32:44 GMT-0500 (heure normale de l’Est)
[debug] [2023-01-23T20:32:44.802Z] ----------------------------------------------------------------------
[debug] 
[debug] [2023-01-23T20:32:44.811Z] > command requires scopes: ["email","openid","https://www.googleapis.com/auth/cloudplatformprojects.readonly","https://www.googleapis.com/auth/firebase","https://www.googleapis.com/auth/cloud-platform"]
[debug] [2023-01-23T20:32:44.812Z] > authorizing via signed-in user (jacobgodbout4@hotmail.com)
[info] 
     ######## #### ########  ######## ########     ###     ######  ########
     ##        ##  ##     ## ##       ##     ##  ##   ##  ##       ##
     ######    ##  ########  ######   ########  #########  ######  ######
     ##        ##  ##    ##  ##       ##     ## ##     ##       ## ##
     ##       #### ##     ## ######## ########  ##     ##  ######  ########

You're about to initialize a Firebase project in this directory:

  D:\Portfolio\OniOrigin\oniorigin

[info] 
=== Project Setup
[info] 
[info] First, let's associate this project directory with a Firebase project.
[info] You can create multiple project aliases by running firebase use --add, 
[info] but for now we'll just set up a default project.
[info] 
[debug] [2023-01-23T20:32:51.618Z] >>> [apiv2][query] GET https://firebase.googleapis.com/v1beta1/projects pageSize=100
[debug] [2023-01-23T20:32:52.101Z] <<< [apiv2][status] GET https://firebase.googleapis.com/v1beta1/projects 200
[debug] [2023-01-23T20:32:52.101Z] <<< [apiv2][body] GET https://firebase.googleapis.com/v1beta1/projects [omitted]
[info] i  Using project oniorigin (OniOrigin) 
[info] 
=== Hosting Setup
[info] 
[info] Your public directory is the folder (relative to your project directory) that
[info] will contain Hosting assets to be uploaded with firebase deploy. If you
[info] have a build process for your assets, use your build's output directory.
[info] 
[debug] [2023-01-23T20:33:05.703Z] >>> [apiv2][query] GET https://www.gstatic.com/firebasejs/releases.json [none]
[debug] [2023-01-23T20:33:05.836Z] <<< [apiv2][status] GET https://www.gstatic.com/firebasejs/releases.json 200
[debug] [2023-01-23T20:33:05.836Z] <<< [apiv2][body] GET https://www.gstatic.com/firebasejs/releases.json {"current":{"version":"9.16.0","browserURL":"https://www.gstatic.com/firebasejs/9.16.0/firebase.js","packageURL":"https://www.gstatic.com/firebasejs/9.16.0/firebase.tgz"},"live":{"version":"9.16","browserURL":"https://www.gstatic.com/firebasejs/live/9.16/firebase.js","packageURL":"https://www.gstatic.com/firebasejs/live/9.16/firebase.tgz"},"components":{"analytics":"https://www.gstatic.com/firebasejs/9.16.0/firebase-analytics.js","app":"https://www.gstatic.com/firebasejs/9.16.0/firebase-app.js","app-check":"https://www.gstatic.com/firebasejs/9.16.0/firebase-app-check.js","auth":"https://www.gstatic.com/firebasejs/9.16.0/firebase-auth.js","auth/cordova":"https://www.gstatic.com/firebasejs/9.16.0/firebase-auth/cordova.js","auth/react-native":"https://www.gstatic.com/firebasejs/9.16.0/firebase-auth/react-native.js","functions":"https://www.gstatic.com/firebasejs/9.16.0/firebase-functions.js","firestore":"https://www.gstatic.com/firebasejs/9.16.0/firebase-firestore.js","firestore/lite":"https://www.gstatic.com/firebasejs/9.16.0/firebase-firestore/lite.js","installations":"https://www.gstatic.com/firebasejs/9.16.0/firebase-installations.js","storage":"https://www.gstatic.com/firebasejs/9.16.0/firebase-storage.js","performance":"https://www.gstatic.com/firebasejs/9.16.0/firebase-performance.js","remote-config":"https://www.gstatic.com/firebasejs/9.16.0/firebase-remote-config.js","messaging":"https://www.gstatic.com/firebasejs/9.16.0/firebase-messaging.js","messaging/sw":"https://www.gstatic.com/firebasejs/9.16.0/firebase-messaging/sw.js","database":"https://www.gstatic.com/firebasejs/9.16.0/firebase-database.js","firestore.memory":"https://www.gstatic.com/firebasejs/9.16.0/firebase-firestore.memory.js"}}
[info] i  Skipping write of public/index.html 
[info] 
[info] i  Detected a .git folder at D:\Portfolio\OniOrigin\oniorigin 
[info] i  Authorizing with GitHub to upload your service account to a GitHub repository's secrets store. 
[info] 
[info] Visit this URL on this device to log in:
[info] https://github.com/login/oauth/authorize?client_id=89cf50f02ac6aaed3484&state=375428478&redirect_uri=http%3A%2F%2Flocalhost%3A9005&scope=read%3Auser%20repo%20public_repo
[info] 
[info] Waiting for authentication...
[debug] [2023-01-23T20:33:17.156Z] >>> [apiv2][query] POST https://github.com/login/oauth/access_token [none]
[debug] [2023-01-23T20:33:17.156Z] >>> [apiv2][body] POST https://github.com/login/oauth/access_token [stream]
[debug] [2023-01-23T20:33:17.544Z] <<< [apiv2][status] POST https://github.com/login/oauth/access_token 200
[debug] [2023-01-23T20:33:17.544Z] <<< [apiv2][body] POST https://github.com/login/oauth/access_token {"access_token":"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","token_type":"bearer","scope":"read:user,repo"}
[debug] [2023-01-23T20:33:17.580Z] >>> [apiv2][query] GET https://api.github.com/user [none]
[debug] [2023-01-23T20:33:17.872Z] <<< [apiv2][status] GET https://api.github.com/user 200
[debug] [2023-01-23T20:33:17.872Z] <<< [apiv2][body] GET https://api.github.com/user {"login":"1738183J","id":78968287,"node_id":"MDQ6VXNlcjc4OTY4Mjg3","avatar_url":"https://avatars.githubusercontent.com/u/78968287?v=4","gravatar_id":"","url":"https://api.github.com/users/1738183J","html_url":"https://github.com/1738183J","followers_url":"https://api.github.com/users/1738183J/followers","following_url":"https://api.github.com/users/1738183J/following{/other_user}","gists_url":"https://api.github.com/users/1738183J/gists{/gist_id}","starred_url":"https://api.github.com/users/1738183J/starred{/owner}{/repo}","subscriptions_url":"https://api.github.com/users/1738183J/subscriptions","organizations_url":"https://api.github.com/users/1738183J/orgs","repos_url":"https://api.github.com/users/1738183J/repos","events_url":"https://api.github.com/users/1738183J/events{/privacy}","received_events_url":"https://api.github.com/users/1738183J/received_events","type":"User","site_admin":false,"name":null,"company":null,"blog":"","location":null,"email":null,"hireable":null,"bio":null,"twitter_username":null,"public_repos":2,"public_gists":0,"followers":0,"following":0,"created_at":"2021-02-12T14:31:08Z","updated_at":"2022-02-12T00:57:15Z","private_gists":0,"total_private_repos":3,"owned_private_repos":3,"disk_usage":141588,"collaborators":3,"two_factor_authentication":false,"plan":{"name":"free","space":976562499,"collaborators":0,"private_repos":10000}}
[info] 
[info] +  Success! Logged into GitHub as 1738183J 
[info] 
